2023-04-27 01:59:48.121  [DEBUG]   Transaction  cf0b81e4-60e0-4e30-a734-f913333cd90b : canCommit() invoked
2023-04-27 01:59:48.122  [DEBUG]   Transaction  cf0b81e4-60e0-4e30-a734-f913333cd90b : Created transaction log [Prepared to commit, UserDB2PC0, Shivam, s@s.com, 1234, 0]
2023-04-27 01:59:48.128  [DEBUG]   Transaction  cf0b81e4-60e0-4e30-a734-f913333cd90b : doCommit() invoked
2023-04-27 01:59:48.130  [DEBUG]   Transaction cf0b81e4-60e0-4e30-a734-f913333cd90b : Transaction log [Committed, UserDB2PC0, Shivam, s@s.com, 1234, 0]
2023-04-27 01:59:59.647  [DEBUG]   Transaction  484276a1-f900-4b23-ab51-c0eb5740bc89 : canCommit() invoked
2023-04-27 01:59:59.649  [DEBUG]   Transaction  484276a1-f900-4b23-ab51-c0eb5740bc89 : Created transaction log [Prepared to commit, UserDB2PC1, s@s.com, 1234, null, 0]
2023-04-27 01:59:59.653  [DEBUG]   Transaction  484276a1-f900-4b23-ab51-c0eb5740bc89 : doCommit() invoked
2023-04-27 01:59:59.655  [DEBUG]   Transaction 484276a1-f900-4b23-ab51-c0eb5740bc89 : Transaction log [Committed, UserDB2PC1, s@s.com, 1234, null, 0]
2023-04-27 02:00:05.048  [DEBUG]   Transaction  62a85f91-8c96-4515-b62b-d48b8e1020cb : canCommit() invoked
2023-04-27 02:00:05.048  [DEBUG]   Transaction  62a85f91-8c96-4515-b62b-d48b8e1020cb : Created transaction log [Prepared to commit, UserDB2PC0, Logout, s@s.com, null, 0]
2023-04-27 02:00:05.052  [DEBUG]   Transaction  62a85f91-8c96-4515-b62b-d48b8e1020cb : doCommit() invoked
2023-04-27 02:00:05.055  [DEBUG]   Transaction 62a85f91-8c96-4515-b62b-d48b8e1020cb : Transaction log [Committed, UserDB2PC0, Logout, s@s.com, null, 0]
2023-04-27 02:01:33.852  [DEBUG]   Transaction  4becbd91-68eb-42f5-9a1a-143ae1b274f5 : canCommit() invoked
2023-04-27 02:01:33.852  [DEBUG]   Transaction  4becbd91-68eb-42f5-9a1a-143ae1b274f5 : Created transaction log [Prepared to commit, UserDB2PC0, Shivam, s@s.com, 1234, 0]
2023-04-27 02:01:33.858  [DEBUG]   Transaction  4becbd91-68eb-42f5-9a1a-143ae1b274f5 : doCommit() invoked
2023-04-27 02:01:33.860  [DEBUG]   Transaction 4becbd91-68eb-42f5-9a1a-143ae1b274f5 : Transaction log [Committed, UserDB2PC0, Shivam, s@s.com, 1234, 0]
2023-04-27 02:03:34.116  [DEBUG]   Transaction  25e53947-8a88-4a74-97ab-89e9f308f18b : canCommit() invoked
2023-04-27 02:03:34.117  [DEBUG]   Transaction  25e53947-8a88-4a74-97ab-89e9f308f18b : Created transaction log [Prepared to commit, UserDB2PC0, Shivam, s@s.com, 1234, 0]
2023-04-27 02:03:34.123  [DEBUG]   Transaction  25e53947-8a88-4a74-97ab-89e9f308f18b : doCommit() invoked
2023-04-27 02:03:34.126  [DEBUG]   Transaction 25e53947-8a88-4a74-97ab-89e9f308f18b : Transaction log [Committed, UserDB2PC0, Shivam, s@s.com, 1234, 0]
2023-04-27 02:03:52.428  [DEBUG]   Transaction  1e82800b-1f00-4819-9e12-8db6eeff223d : Initiating 2PC with coordinator as  UserDB2PC2
2023-04-27 02:03:52.430  [DEBUG]   Transaction  1e82800b-1f00-4819-9e12-8db6eeff223d : canCommit() invoked
2023-04-27 02:03:52.432  [DEBUG]   Transaction  1e82800b-1f00-4819-9e12-8db6eeff223d : Created transaction log [Prepared to commit, UserDB2PC2, s@s.com, 1234, null, 0]
2023-04-27 02:03:52.433  [DEBUG]   Transaction  1e82800b-1f00-4819-9e12-8db6eeff223d : Voting phase completed
2023-04-27 02:03:52.434  [DEBUG]   Transaction  1e82800b-1f00-4819-9e12-8db6eeff223d : Votes:  [true, true, true]
2023-04-27 02:03:52.434  [DEBUG]   Transaction  1e82800b-1f00-4819-9e12-8db6eeff223d : Starting commits.
2023-04-27 02:03:52.434  [DEBUG]   Transaction  1e82800b-1f00-4819-9e12-8db6eeff223d : doCommit() invoked
2023-04-27 02:03:52.435  [DEBUG]   Transaction  1e82800b-1f00-4819-9e12-8db6eeff223d : haveCommitted() invoked
2023-04-27 02:03:52.436  [DEBUG]   Transaction 1e82800b-1f00-4819-9e12-8db6eeff223d : Transaction log [Committed, UserDB2PC2, s@s.com, 1234, null, 0]
2023-04-27 02:03:52.436  [DEBUG]   Transaction  1e82800b-1f00-4819-9e12-8db6eeff223d : Waiting for commit responses
2023-04-27 02:03:52.438  [DEBUG]   Transaction  1e82800b-1f00-4819-9e12-8db6eeff223d : haveCommitted() invoked
2023-04-27 02:03:52.440  [DEBUG]   Transaction  1e82800b-1f00-4819-9e12-8db6eeff223d : haveCommitted() invoked
2023-04-27 02:03:52.440  [DEBUG]   Transaction  1e82800b-1f00-4819-9e12-8db6eeff223d : Received all commit responses. Removing transaction.
2023-04-27 02:03:56.065  [DEBUG]   Transaction  614172d3-a6d6-48e2-b3ff-f8aa1625dae1 : canCommit() invoked
2023-04-27 02:03:56.065  [DEBUG]   Transaction  614172d3-a6d6-48e2-b3ff-f8aa1625dae1 : Created transaction log [Prepared to commit, UserDB2PC0, LOGOUT, s@s.com, null, 0]
2023-04-27 02:03:56.069  [DEBUG]   Transaction  614172d3-a6d6-48e2-b3ff-f8aa1625dae1 : doCommit() invoked
2023-04-27 02:03:56.072  [DEBUG]   Transaction 614172d3-a6d6-48e2-b3ff-f8aa1625dae1 : Transaction log [Committed, UserDB2PC0, LOGOUT, s@s.com, null, 0]
2023-04-27 02:04:09.025  [DEBUG]   Transaction  6c5c320b-67cf-4aa0-9d45-741c4a888073 : Initiating 2PC with coordinator as  UserDB2PC2
2023-04-27 02:04:09.026  [DEBUG]   Transaction  6c5c320b-67cf-4aa0-9d45-741c4a888073 : canCommit() invoked
2023-04-27 02:04:09.027  [DEBUG]   Transaction  6c5c320b-67cf-4aa0-9d45-741c4a888073 : Created transaction log [Prepared to commit, UserDB2PC2, s@s.com, 1234, null, 0]
2023-04-27 02:04:09.029  [DEBUG]   Transaction  6c5c320b-67cf-4aa0-9d45-741c4a888073 : Voting phase completed
2023-04-27 02:04:09.029  [DEBUG]   Transaction  6c5c320b-67cf-4aa0-9d45-741c4a888073 : Votes:  [true, true, true]
2023-04-27 02:04:09.030  [DEBUG]   Transaction  6c5c320b-67cf-4aa0-9d45-741c4a888073 : Starting commits.
2023-04-27 02:04:09.030  [DEBUG]   Transaction  6c5c320b-67cf-4aa0-9d45-741c4a888073 : doCommit() invoked
2023-04-27 02:04:09.031  [DEBUG]   Transaction  6c5c320b-67cf-4aa0-9d45-741c4a888073 : haveCommitted() invoked
2023-04-27 02:04:09.031  [DEBUG]   Transaction 6c5c320b-67cf-4aa0-9d45-741c4a888073 : Transaction log [Committed, UserDB2PC2, s@s.com, 1234, null, 0]
2023-04-27 02:04:09.032  [DEBUG]   Transaction  6c5c320b-67cf-4aa0-9d45-741c4a888073 : Waiting for commit responses
2023-04-27 02:04:09.033  [DEBUG]   Transaction  6c5c320b-67cf-4aa0-9d45-741c4a888073 : haveCommitted() invoked
2023-04-27 02:04:09.034  [DEBUG]   Transaction  6c5c320b-67cf-4aa0-9d45-741c4a888073 : haveCommitted() invoked
2023-04-27 02:04:09.035  [DEBUG]   Transaction  6c5c320b-67cf-4aa0-9d45-741c4a888073 : Received all commit responses. Removing transaction.
2023-04-27 02:05:00.693  [DEBUG]   Transaction  d0979a7c-25ea-4662-acdd-61a434680778 : Initiating 2PC with coordinator as  UserDB2PC2
2023-04-27 02:05:00.694  [DEBUG]   Transaction  d0979a7c-25ea-4662-acdd-61a434680778 : canCommit() invoked
2023-04-27 02:05:00.695  [DEBUG]   Transaction  d0979a7c-25ea-4662-acdd-61a434680778 : Created transaction log [Prepared to commit, UserDB2PC2, LOGOUT, s@s.com, null, 0]
2023-04-27 02:05:00.696  [DEBUG]   Transaction  d0979a7c-25ea-4662-acdd-61a434680778 : Voting phase completed
2023-04-27 02:05:00.696  [DEBUG]   Transaction  d0979a7c-25ea-4662-acdd-61a434680778 : Votes:  [true, true, true]
2023-04-27 02:05:00.697  [DEBUG]   Transaction  d0979a7c-25ea-4662-acdd-61a434680778 : Starting commits.
2023-04-27 02:05:00.697  [DEBUG]   Transaction  d0979a7c-25ea-4662-acdd-61a434680778 : doCommit() invoked
2023-04-27 02:05:00.698  [DEBUG]   Transaction  d0979a7c-25ea-4662-acdd-61a434680778 : haveCommitted() invoked
2023-04-27 02:05:00.698  [DEBUG]   Transaction d0979a7c-25ea-4662-acdd-61a434680778 : Transaction log [Committed, UserDB2PC2, LOGOUT, s@s.com, null, 0]
2023-04-27 02:05:00.698  [DEBUG]   Transaction  d0979a7c-25ea-4662-acdd-61a434680778 : Waiting for commit responses
2023-04-27 02:05:00.701  [DEBUG]   Transaction  d0979a7c-25ea-4662-acdd-61a434680778 : haveCommitted() invoked
2023-04-27 02:05:00.702  [DEBUG]   Transaction  d0979a7c-25ea-4662-acdd-61a434680778 : haveCommitted() invoked
2023-04-27 02:05:00.703  [DEBUG]   Transaction  d0979a7c-25ea-4662-acdd-61a434680778 : Received all commit responses. Removing transaction.
2023-04-27 02:05:13.032  [DEBUG]   Transaction  a33bdbe9-e64d-4365-9b40-0e0e8c5dc16f : canCommit() invoked
2023-04-27 02:05:13.032  [DEBUG]   Transaction  a33bdbe9-e64d-4365-9b40-0e0e8c5dc16f : Created transaction log [Prepared to commit, UserDB2PC1, s@s.com, 1234, null, 0]
2023-04-27 02:05:13.035  [DEBUG]   Transaction  a33bdbe9-e64d-4365-9b40-0e0e8c5dc16f : doCommit() invoked
2023-04-27 02:05:13.037  [DEBUG]   Transaction a33bdbe9-e64d-4365-9b40-0e0e8c5dc16f : Transaction log [Committed, UserDB2PC1, s@s.com, 1234, null, 0]
2023-04-27 02:05:30.740  [DEBUG]   Transaction  225f0d73-d3ff-4ab3-8f45-fa63df05728a : canCommit() invoked
2023-04-27 02:05:30.741  [DEBUG]   Transaction  225f0d73-d3ff-4ab3-8f45-fa63df05728a : Created transaction log [Prepared to commit, UserDB2PC0, Test, t@t.com, 1234, 0]
2023-04-27 02:05:30.744  [DEBUG]   Transaction  225f0d73-d3ff-4ab3-8f45-fa63df05728a : doCommit() invoked
2023-04-27 02:05:30.746  [DEBUG]   Transaction 225f0d73-d3ff-4ab3-8f45-fa63df05728a : Transaction log [Committed, UserDB2PC0, Test, t@t.com, 1234, 0]
2023-04-27 02:06:41.300  [DEBUG]   Transaction  4e658c82-717c-4ac9-9ad0-1fe35072c8ad : Initiating 2PC with coordinator as  UserDB2PC2
2023-04-27 02:06:41.301  [DEBUG]   Transaction  4e658c82-717c-4ac9-9ad0-1fe35072c8ad : canCommit() invoked
2023-04-27 02:06:41.302  [DEBUG]   Transaction  4e658c82-717c-4ac9-9ad0-1fe35072c8ad : Created transaction log [Prepared to commit, UserDB2PC2, t@t.com, 1234, null, 0]
2023-04-27 02:06:41.303  [DEBUG]   Transaction  4e658c82-717c-4ac9-9ad0-1fe35072c8ad : Voting phase completed
2023-04-27 02:06:41.304  [DEBUG]   Transaction  4e658c82-717c-4ac9-9ad0-1fe35072c8ad : Votes:  [true, true, true]
2023-04-27 02:06:41.304  [DEBUG]   Transaction  4e658c82-717c-4ac9-9ad0-1fe35072c8ad : Starting commits.
2023-04-27 02:06:41.304  [DEBUG]   Transaction  4e658c82-717c-4ac9-9ad0-1fe35072c8ad : doCommit() invoked
2023-04-27 02:06:41.305  [DEBUG]   Transaction  4e658c82-717c-4ac9-9ad0-1fe35072c8ad : haveCommitted() invoked
2023-04-27 02:06:41.305  [DEBUG]   Transaction 4e658c82-717c-4ac9-9ad0-1fe35072c8ad : Transaction log [Committed, UserDB2PC2, t@t.com, 1234, null, 0]
2023-04-27 02:06:41.306  [DEBUG]   Transaction  4e658c82-717c-4ac9-9ad0-1fe35072c8ad : Waiting for commit responses
2023-04-27 02:06:41.307  [DEBUG]   Transaction  4e658c82-717c-4ac9-9ad0-1fe35072c8ad : haveCommitted() invoked
2023-04-27 02:06:41.309  [DEBUG]   Transaction  4e658c82-717c-4ac9-9ad0-1fe35072c8ad : haveCommitted() invoked
2023-04-27 02:06:41.309  [DEBUG]   Transaction  4e658c82-717c-4ac9-9ad0-1fe35072c8ad : Received all commit responses. Removing transaction.
2023-04-27 02:06:46.041  [DEBUG]   Transaction  802eb355-8bea-4d4e-bdc2-9e0f2430d4e4 : canCommit() invoked
2023-04-27 02:06:46.041  [DEBUG]   Transaction  802eb355-8bea-4d4e-bdc2-9e0f2430d4e4 : Created transaction log [Prepared to commit, UserDB2PC0, LOGOUT, t@t.com, null, 0]
2023-04-27 02:06:46.045  [DEBUG]   Transaction  802eb355-8bea-4d4e-bdc2-9e0f2430d4e4 : doCommit() invoked
2023-04-27 02:06:46.047  [DEBUG]   Transaction 802eb355-8bea-4d4e-bdc2-9e0f2430d4e4 : Transaction log [Committed, UserDB2PC0, LOGOUT, t@t.com, null, 0]
2023-04-27 02:06:57.214  [DEBUG]   Transaction  329ed2c8-5923-4483-b6ba-0f45643fcb9e : Initiating 2PC with coordinator as  UserDB2PC2
2023-04-27 02:06:57.215  [DEBUG]   Transaction  329ed2c8-5923-4483-b6ba-0f45643fcb9e : canCommit() invoked
2023-04-27 02:06:57.216  [DEBUG]   Transaction  329ed2c8-5923-4483-b6ba-0f45643fcb9e : Created transaction log [Prepared to commit, UserDB2PC2, t@t.com, 1234, null, 0]
2023-04-27 02:06:57.217  [DEBUG]   Transaction  329ed2c8-5923-4483-b6ba-0f45643fcb9e : Voting phase completed
2023-04-27 02:06:57.218  [DEBUG]   Transaction  329ed2c8-5923-4483-b6ba-0f45643fcb9e : Votes:  [true, true, true]
2023-04-27 02:06:57.218  [DEBUG]   Transaction  329ed2c8-5923-4483-b6ba-0f45643fcb9e : Starting commits.
2023-04-27 02:06:57.218  [DEBUG]   Transaction  329ed2c8-5923-4483-b6ba-0f45643fcb9e : doCommit() invoked
2023-04-27 02:06:57.219  [DEBUG]   Transaction  329ed2c8-5923-4483-b6ba-0f45643fcb9e : haveCommitted() invoked
2023-04-27 02:06:57.219  [DEBUG]   Transaction 329ed2c8-5923-4483-b6ba-0f45643fcb9e : Transaction log [Committed, UserDB2PC2, t@t.com, 1234, null, 0]
2023-04-27 02:06:57.220  [DEBUG]   Transaction  329ed2c8-5923-4483-b6ba-0f45643fcb9e : Waiting for commit responses
2023-04-27 02:06:57.221  [DEBUG]   Transaction  329ed2c8-5923-4483-b6ba-0f45643fcb9e : haveCommitted() invoked
2023-04-27 02:06:57.221  [DEBUG]   Transaction  329ed2c8-5923-4483-b6ba-0f45643fcb9e : haveCommitted() invoked
2023-04-27 02:06:57.222  [DEBUG]   Transaction  329ed2c8-5923-4483-b6ba-0f45643fcb9e : Received all commit responses. Removing transaction.
2023-04-27 02:07:20.145  [DEBUG]   Transaction  7fb35d85-3ee4-459c-a250-57ab2d34957e : canCommit() invoked
2023-04-27 02:07:20.146  [DEBUG]   Transaction  7fb35d85-3ee4-459c-a250-57ab2d34957e : Created transaction log [Prepared to commit, UserDB2PC0, Random, s@s.com, 1234, 0]
2023-04-27 02:07:20.149  [DEBUG]   Transaction  7fb35d85-3ee4-459c-a250-57ab2d34957e : doCommit() invoked
2023-04-27 02:07:20.150  [DEBUG]   Transaction 7fb35d85-3ee4-459c-a250-57ab2d34957e : Transaction log [Committed, UserDB2PC0, Random, s@s.com, 1234, 0]
