[2023-04-27 02:03:34.115] 25e53947-8a88-4a74-97ab-89e9f308f18b|Prepared to commit|UserDB2PC0|Shivam|s@s.com|1234|0
[2023-04-27 02:03:34.119] 25e53947-8a88-4a74-97ab-89e9f308f18b|Started commit|UserDB2PC0|Shivam|s@s.com|1234|0
[2023-04-27 02:03:34.120] 25e53947-8a88-4a74-97ab-89e9f308f18b|Committed|UserDB2PC0|Shivam|s@s.com|1234|0
[2023-04-27 02:03:52.431] 1e82800b-1f00-4819-9e12-8db6eeff223d|Prepared to commit|UserDB2PC2|s@s.com|1234|null|0
[2023-04-27 02:03:52.437] 1e82800b-1f00-4819-9e12-8db6eeff223d|Started commit|UserDB2PC2|s@s.com|1234|null|0
[2023-04-27 02:03:52.438] 1e82800b-1f00-4819-9e12-8db6eeff223d|Committed|UserDB2PC2|s@s.com|1234|null|0
[2023-04-27 02:03:56.065] 614172d3-a6d6-48e2-b3ff-f8aa1625dae1|Prepared to commit|UserDB2PC0|LOGOUT|s@s.com|null|0
[2023-04-27 02:03:56.067] 614172d3-a6d6-48e2-b3ff-f8aa1625dae1|Started commit|UserDB2PC0|LOGOUT|s@s.com|null|0
[2023-04-27 02:03:56.068] 614172d3-a6d6-48e2-b3ff-f8aa1625dae1|Committed|UserDB2PC0|LOGOUT|s@s.com|null|0
[2023-04-27 02:04:09.027] 6c5c320b-67cf-4aa0-9d45-741c4a888073|Prepared to commit|UserDB2PC2|s@s.com|1234|null|0
[2023-04-27 02:04:09.032] 6c5c320b-67cf-4aa0-9d45-741c4a888073|Started commit|UserDB2PC2|s@s.com|1234|null|0
[2023-04-27 02:04:09.033] 6c5c320b-67cf-4aa0-9d45-741c4a888073|Committed|UserDB2PC2|s@s.com|1234|null|0
[2023-04-27 02:05:00.695] d0979a7c-25ea-4662-acdd-61a434680778|Prepared to commit|UserDB2PC2|LOGOUT|s@s.com|null|0
[2023-04-27 02:05:00.699] d0979a7c-25ea-4662-acdd-61a434680778|Started commit|UserDB2PC2|LOGOUT|s@s.com|null|0
[2023-04-27 02:05:00.699] d0979a7c-25ea-4662-acdd-61a434680778|Committed|UserDB2PC2|LOGOUT|s@s.com|null|0
[2023-04-27 02:05:13.032] a33bdbe9-e64d-4365-9b40-0e0e8c5dc16f|Prepared to commit|UserDB2PC1|s@s.com|1234|null|0
[2023-04-27 02:05:13.036] a33bdbe9-e64d-4365-9b40-0e0e8c5dc16f|Started commit|UserDB2PC1|s@s.com|1234|null|0
[2023-04-27 02:05:13.036] a33bdbe9-e64d-4365-9b40-0e0e8c5dc16f|Committed|UserDB2PC1|s@s.com|1234|null|0
[2023-04-27 02:05:30.739] 225f0d73-d3ff-4ab3-8f45-fa63df05728a|Prepared to commit|UserDB2PC0|Test|t@t.com|1234|0
[2023-04-27 02:05:30.742] 225f0d73-d3ff-4ab3-8f45-fa63df05728a|Started commit|UserDB2PC0|Test|t@t.com|1234|0
[2023-04-27 02:05:30.743] 225f0d73-d3ff-4ab3-8f45-fa63df05728a|Committed|UserDB2PC0|Test|t@t.com|1234|0
[2023-04-27 02:06:41.303] 4e658c82-717c-4ac9-9ad0-1fe35072c8ad|Prepared to commit|UserDB2PC2|t@t.com|1234|null|0
[2023-04-27 02:06:41.306] 4e658c82-717c-4ac9-9ad0-1fe35072c8ad|Started commit|UserDB2PC2|t@t.com|1234|null|0
[2023-04-27 02:06:41.307] 4e658c82-717c-4ac9-9ad0-1fe35072c8ad|Committed|UserDB2PC2|t@t.com|1234|null|0
[2023-04-27 02:06:46.040] 802eb355-8bea-4d4e-bdc2-9e0f2430d4e4|Prepared to commit|UserDB2PC0|LOGOUT|t@t.com|null|0
[2023-04-27 02:06:46.042] 802eb355-8bea-4d4e-bdc2-9e0f2430d4e4|Started commit|UserDB2PC0|LOGOUT|t@t.com|null|0
[2023-04-27 02:06:46.043] 802eb355-8bea-4d4e-bdc2-9e0f2430d4e4|Committed|UserDB2PC0|LOGOUT|t@t.com|null|0
[2023-04-27 02:06:57.216] 329ed2c8-5923-4483-b6ba-0f45643fcb9e|Prepared to commit|UserDB2PC2|t@t.com|1234|null|0
[2023-04-27 02:06:57.220] 329ed2c8-5923-4483-b6ba-0f45643fcb9e|Started commit|UserDB2PC2|t@t.com|1234|null|0
[2023-04-27 02:06:57.221] 329ed2c8-5923-4483-b6ba-0f45643fcb9e|Committed|UserDB2PC2|t@t.com|1234|null|0
[2023-04-27 02:07:20.144] 7fb35d85-3ee4-459c-a250-57ab2d34957e|Prepared to commit|UserDB2PC0|Random|s@s.com|1234|0
[2023-04-27 02:07:20.147] 7fb35d85-3ee4-459c-a250-57ab2d34957e|Started commit|UserDB2PC0|Random|s@s.com|1234|0
[2023-04-27 02:07:20.148] 7fb35d85-3ee4-459c-a250-57ab2d34957e|Committed|UserDB2PC0|Random|s@s.com|1234|0
