[2023-04-27 02:03:34.116] 25e53947-8a88-4a74-97ab-89e9f308f18b|Prepared to commit|UserDB2PC0|Shivam|s@s.com|1234|0
[2023-04-27 02:03:34.123] 25e53947-8a88-4a74-97ab-89e9f308f18b|Started commit|UserDB2PC0|Shivam|s@s.com|1234|0
[2023-04-27 02:03:34.124] 25e53947-8a88-4a74-97ab-89e9f308f18b|Committed|UserDB2PC0|Shivam|s@s.com|1234|0
[2023-04-27 02:03:52.431] 1e82800b-1f00-4819-9e12-8db6eeff223d|Prepared to commit|UserDB2PC2|s@s.com|1234|null|0
[2023-04-27 02:03:52.434] 1e82800b-1f00-4819-9e12-8db6eeff223d|Started commit|UserDB2PC2|s@s.com|1234|null|0
[2023-04-27 02:03:52.435] 1e82800b-1f00-4819-9e12-8db6eeff223d|Committed|UserDB2PC2|s@s.com|1234|null|0
[2023-04-27 02:03:56.065] 614172d3-a6d6-48e2-b3ff-f8aa1625dae1|Prepared to commit|UserDB2PC0|LOGOUT|s@s.com|null|0
[2023-04-27 02:03:56.070] 614172d3-a6d6-48e2-b3ff-f8aa1625dae1|Started commit|UserDB2PC0|LOGOUT|s@s.com|null|0
[2023-04-27 02:03:56.070] 614172d3-a6d6-48e2-b3ff-f8aa1625dae1|Committed|UserDB2PC0|LOGOUT|s@s.com|null|0
[2023-04-27 02:04:09.027] 6c5c320b-67cf-4aa0-9d45-741c4a888073|Prepared to commit|UserDB2PC2|s@s.com|1234|null|0
[2023-04-27 02:04:09.030] 6c5c320b-67cf-4aa0-9d45-741c4a888073|Started commit|UserDB2PC2|s@s.com|1234|null|0
[2023-04-27 02:04:09.031] 6c5c320b-67cf-4aa0-9d45-741c4a888073|Committed|UserDB2PC2|s@s.com|1234|null|0
[2023-04-27 02:05:00.695] d0979a7c-25ea-4662-acdd-61a434680778|Prepared to commit|UserDB2PC2|LOGOUT|s@s.com|null|0
[2023-04-27 02:05:00.697] d0979a7c-25ea-4662-acdd-61a434680778|Started commit|UserDB2PC2|LOGOUT|s@s.com|null|0
[2023-04-27 02:05:00.698] d0979a7c-25ea-4662-acdd-61a434680778|Committed|UserDB2PC2|LOGOUT|s@s.com|null|0
[2023-04-27 02:05:13.032] a33bdbe9-e64d-4365-9b40-0e0e8c5dc16f|Prepared to commit|UserDB2PC1|s@s.com|1234|null|0
[2023-04-27 02:05:13.036] a33bdbe9-e64d-4365-9b40-0e0e8c5dc16f|Started commit|UserDB2PC1|s@s.com|1234|null|0
[2023-04-27 02:05:13.036] a33bdbe9-e64d-4365-9b40-0e0e8c5dc16f|Committed|UserDB2PC1|s@s.com|1234|null|0
[2023-04-27 02:05:30.740] 225f0d73-d3ff-4ab3-8f45-fa63df05728a|Prepared to commit|UserDB2PC0|Test|t@t.com|1234|0
[2023-04-27 02:05:30.745] 225f0d73-d3ff-4ab3-8f45-fa63df05728a|Started commit|UserDB2PC0|Test|t@t.com|1234|0
[2023-04-27 02:05:30.745] 225f0d73-d3ff-4ab3-8f45-fa63df05728a|Committed|UserDB2PC0|Test|t@t.com|1234|0
[2023-04-27 02:06:41.301] 4e658c82-717c-4ac9-9ad0-1fe35072c8ad|Prepared to commit|UserDB2PC2|t@t.com|1234|null|0
[2023-04-27 02:06:41.304] 4e658c82-717c-4ac9-9ad0-1fe35072c8ad|Started commit|UserDB2PC2|t@t.com|1234|null|0
[2023-04-27 02:06:41.305] 4e658c82-717c-4ac9-9ad0-1fe35072c8ad|Committed|UserDB2PC2|t@t.com|1234|null|0
[2023-04-27 02:06:46.041] 802eb355-8bea-4d4e-bdc2-9e0f2430d4e4|Prepared to commit|UserDB2PC0|LOGOUT|t@t.com|null|0
[2023-04-27 02:06:46.045] 802eb355-8bea-4d4e-bdc2-9e0f2430d4e4|Started commit|UserDB2PC0|LOGOUT|t@t.com|null|0
[2023-04-27 02:06:46.045] 802eb355-8bea-4d4e-bdc2-9e0f2430d4e4|Committed|UserDB2PC0|LOGOUT|t@t.com|null|0
[2023-04-27 02:06:57.216] 329ed2c8-5923-4483-b6ba-0f45643fcb9e|Prepared to commit|UserDB2PC2|t@t.com|1234|null|0
[2023-04-27 02:06:57.218] 329ed2c8-5923-4483-b6ba-0f45643fcb9e|Started commit|UserDB2PC2|t@t.com|1234|null|0
[2023-04-27 02:06:57.218] 329ed2c8-5923-4483-b6ba-0f45643fcb9e|Committed|UserDB2PC2|t@t.com|1234|null|0
[2023-04-27 02:07:20.145] 7fb35d85-3ee4-459c-a250-57ab2d34957e|Prepared to commit|UserDB2PC0|Random|s@s.com|1234|0
[2023-04-27 02:07:20.149] 7fb35d85-3ee4-459c-a250-57ab2d34957e|Started commit|UserDB2PC0|Random|s@s.com|1234|0
[2023-04-27 02:07:20.149] 7fb35d85-3ee4-459c-a250-57ab2d34957e|Committed|UserDB2PC0|Random|s@s.com|1234|0
