2023-04-27 02:05:07.858  [DEBUG]   Starting the client:
2023-04-27 02:05:07.859  [DEBUG]   Looking for RMI registry...
2023-04-27 02:05:07.875  [DEBUG]   Found RMI registry!
2023-04-27 02:05:07.876  [DEBUG]   Looking for the User Database server stub...
2023-04-27 02:05:07.948  [DEBUG]   Found the User Database server stub!
2023-04-27 02:05:09.392  [DEBUG]   Received Session request from user:  LogIn
2023-04-27 02:05:13.026  [DEBUG]   Sending login request to the server:  s@s.com|1234
2023-04-27 02:05:13.042  [DEBUG]   Response from server:  User Logged in
2023-04-27 02:05:13.042  [DEBUG]   Looking for RMI registry...
2023-04-27 02:05:13.043  [DEBUG]   Found RMI registry!
2023-04-27 02:05:13.043  [DEBUG]   Looking for the Itinerary KeyValueStore server stub...
2023-04-27 02:05:13.050  [DEBUG]   Found the Itinerary KeyValueStore server stub!
2023-04-27 02:05:13.050  [DEBUG]   Client connected to the server
2023-04-27 02:05:15.316  [DEBUG]   Received request from user:  get|77c0744f-80fd-4f70-93af-0d640f50c4de
2023-04-27 02:05:15.316  [DEBUG]   Sending request to the server:  get|77c0744f-80fd-4f70-93af-0d640f50c4de
2023-04-27 02:05:15.319  [DEBUG]   Response from server:  Itinerary Details:

Name: Shiv 1
Location: 1
Description: asddsad
Start Date: Mon Jan 01 00:00:00 EST 2024
End Date: Wed Jan 24 00:00:00 EST 2024
Created by: s@s.com
List of Users with whom this Itinerary is shared with: []
Version: 1

2023-04-27 02:05:53.145  [DEBUG]   Received request from user:  share|77c0744f-80fd-4f70-93af-0d640f50c4de|t@t.com
2023-04-27 02:05:53.147  [DEBUG]   Sending request to the server:  share|77c0744f-80fd-4f70-93af-0d640f50c4de|t@t.com
2023-04-27 02:05:53.157  [DEBUG]   Response from server:  Itinerary Successfully Shared
