2023-04-27 04:20:18.993  [DEBUG]   Starting the client:
2023-04-27 04:20:18.994  [DEBUG]   Looking for RMI registry...
2023-04-27 04:20:19.007  [DEBUG]   Found RMI registry!
2023-04-27 04:20:19.007  [DEBUG]   Looking for the User Database server stub...
2023-04-27 04:20:19.061  [DEBUG]   Found the User Database server stub!
2023-04-27 04:20:25.746  [DEBUG]   Received Session request from user:  SignUp
2023-04-27 04:20:33.166  [DEBUG]   Sending sign up request to the server:  Shivam|s@s.com|1234
2023-04-27 04:20:33.192  [DEBUG]   Response from server:  User Created
2023-04-27 04:20:33.193  [DEBUG]   Looking for RMI registry...
2023-04-27 04:20:33.193  [DEBUG]   Found RMI registry!
2023-04-27 04:20:33.193  [DEBUG]   Looking for the Itinerary KeyValueStore server stub...
2023-04-27 04:20:33.200  [DEBUG]   Found the Itinerary KeyValueStore server stub!
2023-04-27 04:20:33.200  [DEBUG]   Client connected to the server
2023-04-27 04:20:44.253  [DEBUG]   Received request from user:  put
2023-04-27 04:20:44.255  [DEBUG]   Sending request to the server:  put
2023-04-27 04:20:44.258  [DEBUG]   Response from server:  Enter Itinerary Details
2023-04-27 04:20:54.778  [DEBUG]   Sending Itinerary request to the server:  IT 1
2023-04-27 04:20:54.806  [DEBUG]   Response from server:  d80aa650-2fcd-4398-b992-43093bae1da9
2023-04-27 04:20:54.807  [DEBUG]   Itinerary Added with Name: ' IT 1 '  and you can access it using Unique ID:  d80aa650-2fcd-4398-b992-43093bae1da9
2023-04-27 04:20:59.645  [DEBUG]   Received request from user:  list|created
2023-04-27 04:20:59.646  [DEBUG]   Sending request to the server:  list|created
2023-04-27 04:20:59.648  [DEBUG]   Response from server:  
2023-04-27 04:21:14.749  [DEBUG]   Received request from user:  get|d80aa650-2fcd-4398-b992-43093bae1da9
2023-04-27 04:21:14.751  [DEBUG]   Sending request to the server:  get|d80aa650-2fcd-4398-b992-43093bae1da9
2023-04-27 04:21:14.754  [DEBUG]   Response from server:  Itinerary Details:

Name: IT 1
Location: 1
Description: Trip 1
Start Date: Mon Jan 01 00:00:00 EST 2024
End Date: Fri Feb 02 00:00:00 EST 2024
Created by: s@s.com
List of Users with whom this Itinerary is shared with: []
Version: 1

2023-04-27 04:21:42.584  [DEBUG]   Received request from user:  get|d80aa650-2fcd-4398-b992-43093bae1da9
2023-04-27 04:21:42.585  [DEBUG]   Sending request to the server:  get|d80aa650-2fcd-4398-b992-43093bae1da9
2023-04-27 04:21:42.589  [DEBUG]   Response from server:  Itinerary Details:

Name: IT 1
Location: 1
Description: Trip 1
Start Date: Mon Jan 01 00:00:00 EST 2024
End Date: Fri Feb 02 00:00:00 EST 2024
Created by: s@s.com
List of Users with whom this Itinerary is shared with: []
Version: 1

2023-04-27 04:22:21.926  [DEBUG]   Received request from user:  delete|d80aa650-2fcd-4398-b992-43093bae1da9
2023-04-27 04:22:21.926  [DEBUG]   Sending request to the server:  delete|d80aa650-2fcd-4398-b992-43093bae1da9
2023-04-27 04:22:21.934  [DEBUG]   Response from server:  No Itinerary Found
2023-04-27 04:22:30.562  [DEBUG]   Received request from user:  x
2023-04-27 04:22:30.563  [DEBUG]   Quitting the application.
2023-04-27 04:22:30.572  [DEBUG]   Logout response received from Server:  User Successfully Logged Out!
