2023-04-27 04:25:46.718  [DEBUG]   Starting the client:
2023-04-27 04:25:46.719  [DEBUG]   Looking for RMI registry...
2023-04-27 04:25:46.736  [DEBUG]   Found RMI registry!
2023-04-27 04:25:46.736  [DEBUG]   Looking for the User Database server stub...
2023-04-27 04:25:46.793  [DEBUG]   Found the User Database server stub!
2023-04-27 04:26:04.535  [DEBUG]   Received Session request from user:  SignUp
2023-04-27 04:26:10.084  [DEBUG]   Sending sign up request to the server:  Shivam|s@s.com|1234
2023-04-27 04:26:10.100  [DEBUG]   Response from server:  User Created
2023-04-27 04:26:10.101  [DEBUG]   Looking for RMI registry...
2023-04-27 04:26:10.101  [DEBUG]   Found RMI registry!
2023-04-27 04:26:10.101  [DEBUG]   Looking for the Itinerary KeyValueStore server stub...
2023-04-27 04:26:10.108  [DEBUG]   Found the Itinerary KeyValueStore server stub!
2023-04-27 04:26:10.109  [DEBUG]   Client connected to the server
2023-04-27 04:26:14.415  [DEBUG]   Received request from user:  put
2023-04-27 04:26:14.415  [DEBUG]   Sending request to the server:  put
2023-04-27 04:26:14.418  [DEBUG]   Response from server:  Enter Itinerary Details
2023-04-27 04:26:27.905  [DEBUG]   Sending Itinerary request to the server:  Trip 1 by S
2023-04-27 04:26:27.933  [DEBUG]   Response from server:  abb4374d-aedc-48f0-8667-392bc3860788
2023-04-27 04:26:27.933  [DEBUG]   Itinerary Added with Name: ' Trip 1 by S '  and you can access it using Unique ID:  abb4374d-aedc-48f0-8667-392bc3860788
2023-04-27 04:26:32.396  [DEBUG]   Received request from user:  list|created
2023-04-27 04:26:32.397  [DEBUG]   Sending request to the server:  list|created
2023-04-27 04:26:32.400  [DEBUG]   Response from server:  
Itinerary Id: abb4374d-aedc-48f0-8667-392bc3860788 Itinerary Name: Trip 1 by S   

