2023-04-27 04:27:31.279  [DEBUG]   Starting the client:
2023-04-27 04:27:31.280  [DEBUG]   Looking for RMI registry...
2023-04-27 04:27:31.305  [DEBUG]   Found RMI registry!
2023-04-27 04:27:31.305  [DEBUG]   Looking for the User Database server stub...
2023-04-27 04:27:31.365  [DEBUG]   Found the User Database server stub!
2023-04-27 04:27:41.816  [DEBUG]   Received Session request from user:  SignUp
2023-04-27 04:27:45.973  [DEBUG]   Sending sign up request to the server:  Test|t@t.com|1234
2023-04-27 04:27:45.989  [DEBUG]   Response from server:  User Created
2023-04-27 04:27:45.990  [DEBUG]   Looking for RMI registry...
2023-04-27 04:27:45.990  [DEBUG]   Found RMI registry!
2023-04-27 04:27:45.990  [DEBUG]   Looking for the Itinerary KeyValueStore server stub...
2023-04-27 04:27:45.997  [DEBUG]   Found the Itinerary KeyValueStore server stub!
2023-04-27 04:27:45.997  [DEBUG]   Client connected to the server
2023-04-27 04:28:28.100  [DEBUG]   Received request from user:  get|1362b205-80cb-4900-ae70-1716c267b658
2023-04-27 04:28:28.101  [DEBUG]   Sending request to the server:  get|1362b205-80cb-4900-ae70-1716c267b658
2023-04-27 04:28:28.105  [DEBUG]   Response from server:  No Authorization Access
2023-04-27 04:28:32.205  [DEBUG]   Received request from user:  delete|1362b205-80cb-4900-ae70-1716c267b658
2023-04-27 04:28:32.206  [DEBUG]   Sending request to the server:  delete|1362b205-80cb-4900-ae70-1716c267b658
2023-04-27 04:28:32.216  [DEBUG]   Response from server:  You are not the owner or you don't have access to Delete this itinerary!
2023-04-27 04:28:37.849  [DEBUG]   Received request from user:  edit|1362b205-80cb-4900-ae70-1716c267b658
2023-04-27 04:28:37.850  [DEBUG]   Sending request to the server:  edit|1362b205-80cb-4900-ae70-1716c267b658
2023-04-27 04:28:37.858  [DEBUG]   Response from server:  No Authorization access to Edit
2023-04-27 04:28:45.666  [DEBUG]   Received request from user:  share|1362b205-80cb-4900-ae70-1716c267b658|t@t.com
2023-04-27 04:28:45.666  [DEBUG]   Sending request to the server:  share|1362b205-80cb-4900-ae70-1716c267b658|t@t.com
2023-04-27 04:28:45.674  [DEBUG]   Response from server:  You're not the Owner of this itinerary, so you can't share it with other users!
2023-04-27 04:28:52.067  [DEBUG]   Received request from user:  share|1362b205-80cb-4900-ae70-1716c267b658|s@s.com
2023-04-27 04:28:52.068  [DEBUG]   Sending request to the server:  share|1362b205-80cb-4900-ae70-1716c267b658|s@s.com
2023-04-27 04:28:52.076  [DEBUG]   Response from server:  Cannot share to own self.
2023-04-27 04:29:23.972  [DEBUG]   Received request from user:  list|collab
2023-04-27 04:29:23.973  [DEBUG]   Sending request to the server:  list|collab
2023-04-27 04:29:23.976  [DEBUG]   Response from server:  
2023-04-27 04:29:55.340  [DEBUG]   Received request from user:  list|collab
2023-04-27 04:29:55.341  [DEBUG]   Sending request to the server:  list|collab
2023-04-27 04:29:55.344  [DEBUG]   Response from server:  
Itinerary Id: 1362b205-80cb-4900-ae70-1716c267b658 Itinerary Name: T1 by S   

2023-04-27 04:29:58.109  [DEBUG]   Received request from user:  get|1362b205-80cb-4900-ae70-1716c267b658
2023-04-27 04:29:58.109  [DEBUG]   Sending request to the server:  get|1362b205-80cb-4900-ae70-1716c267b658
2023-04-27 04:29:58.112  [DEBUG]   Response from server:  Itinerary Details:

Name: T1 by S
Location: S
Description: T1 v1
Start Date: Mon Jan 01 00:00:00 EST 2024
End Date: Mon Jan 22 00:00:00 EST 2024
Created by: s@s.com
List of Users with whom this Itinerary is shared with: [t@t.com]
Version: 1

2023-04-27 04:30:04.302  [DEBUG]   Received request from user:  x
2023-04-27 04:30:04.303  [DEBUG]   Quitting the application.
2023-04-27 04:30:04.313  [DEBUG]   Logout response received from Server:  User Successfully Logged Out!
