2023-04-27 02:06:50.108  [DEBUG]   Starting the client:
2023-04-27 02:06:50.109  [DEBUG]   Looking for RMI registry...
2023-04-27 02:06:50.127  [DEBUG]   Found RMI registry!
2023-04-27 02:06:50.127  [DEBUG]   Looking for the User Database server stub...
2023-04-27 02:06:50.192  [DEBUG]   Found the User Database server stub!
2023-04-27 02:06:51.982  [DEBUG]   Received Session request from user:  LogIn
2023-04-27 02:06:57.212  [DEBUG]   Sending login request to the server:  t@t.com|1234
2023-04-27 02:06:57.226  [DEBUG]   Response from server:  User Logged in
2023-04-27 02:06:57.227  [DEBUG]   Looking for RMI registry...
2023-04-27 02:06:57.227  [DEBUG]   Found RMI registry!
2023-04-27 02:06:57.227  [DEBUG]   Looking for the Itinerary KeyValueStore server stub...
2023-04-27 02:06:57.234  [DEBUG]   Found the Itinerary KeyValueStore server stub!
2023-04-27 02:06:57.235  [DEBUG]   Client connected to the server
2023-04-27 02:07:05.330  [DEBUG]   Received request from user:  get|77c0744f-80fd-4f70-93af-0d640f50c4de
2023-04-27 02:07:05.331  [DEBUG]   Sending request to the server:  get|77c0744f-80fd-4f70-93af-0d640f50c4de
2023-04-27 02:07:05.334  [DEBUG]   Response from server:  Itinerary Details:

Name: Two T
Location: t
Description: aasdasdas
Start Date: Fri Feb 02 00:00:00 EST 2024
End Date: Sun Feb 04 00:00:00 EST 2024
Created by: t@t.com
List of Users with whom this Itinerary is shared with: [t@t.com]
Version: 2

