2023-04-25 14:45:37.143  [DEBUG]   Starting the client:
2023-04-25 14:45:37.144  [DEBUG]   Looking for RMI registry...
2023-04-25 14:45:37.157  [DEBUG]   Found RMI registry!
2023-04-25 14:45:37.158  [DEBUG]   Looking for the User Database server stub...
2023-04-25 14:45:37.208  [DEBUG]   Found the User Database server stub!
2023-04-25 14:45:37.994  [DEBUG]   Received Session request from user:  SignUp
2023-04-25 14:45:42.494  [DEBUG]   Sending sign up request to the server:  Test|t@t.com|1234
2023-04-25 14:45:42.508  [DEBUG]   Response from server:  User Created
2023-04-25 14:45:42.509  [DEBUG]   Looking for RMI registry...
2023-04-25 14:45:42.509  [DEBUG]   Found RMI registry!
2023-04-25 14:45:42.509  [DEBUG]   Looking for the Itinerary KeyValueStore server stub...
2023-04-25 14:45:42.517  [DEBUG]   Found the Itinerary KeyValueStore server stub!
2023-04-25 14:45:42.517  [DEBUG]   Client connected to the server
2023-04-25 14:46:11.677  [DEBUG]   Received request from user:  get|6368bf6c-58da-44d6-89d9-a976da2746d2
2023-04-25 14:46:11.678  [DEBUG]   Sending request to the server:  get|6368bf6c-58da-44d6-89d9-a976da2746d2
2023-04-25 14:46:11.683  [DEBUG]   Response from server:  No Authorization Access
2023-04-25 14:46:33.945  [DEBUG]   Received request from user:  get|6368bf6c-58da-44d6-89d9-a976da2746d2
2023-04-25 14:46:33.946  [DEBUG]   Sending request to the server:  get|6368bf6c-58da-44d6-89d9-a976da2746d2
2023-04-25 14:46:33.950  [DEBUG]   Response from server:  No Authorization Access
2023-04-25 14:46:53.883  [DEBUG]   Received request from user:  x
2023-04-25 14:46:53.884  [DEBUG]   Quitting the application.
