2023-04-27 04:20:54.794  [DEBUG]   #KVS KVS2, Prepare() request received with sequence id:  1682583654791 , for Key:  d80aa650-2fcd-4398-b992-43093bae1da9
2023-04-27 04:20:54.795  [DEBUG]   #KVS KVS2, Responding back to the prepare() request with:  Promise{sequenceNumber = 1682583654791, acceptedSequenceNumber = null, acceptedValue = 'null', accepted = false, status = 'Promised'}
2023-04-27 04:20:54.803  [DEBUG]   #KVS KVS2, Prepare() request received with sequence id:  1682583654791 , for Key:  d80aa650-2fcd-4398-b992-43093bae1da9 , and Proposed value:  IT 1
2023-04-27 04:20:54.803  [DEBUG]   Accepting proposed value:  IT 1 , for Key:  d80aa650-2fcd-4398-b992-43093bae1da9 , and setting the accepted sequence id number to:  1682583654791
2023-04-27 04:20:54.807  [DEBUG]   Learning and Committing the Value:  IT 1  for Key:  d80aa650-2fcd-4398-b992-43093bae1da9
2023-04-27 04:20:54.807  [DEBUG]   Successfully Deserialized the Itinerary:  IT 1
2023-04-27 04:20:54.807  [DEBUG]   Itinerary ' IT 1 ' Added in the List of Created Itineraries of User:  Shivam
2023-04-27 04:21:23.381  [DEBUG]   #KVS KVS2, Prepare() request received with sequence id:  1682583683379 , for Key:  d80aa650-2fcd-4398-b992-43093bae1da9
2023-04-27 04:21:23.382  [DEBUG]   #KVS KVS2, Responding back to the prepare() request with:  Promise{sequenceNumber = 1682583683379, acceptedSequenceNumber = null, acceptedValue = 'null', accepted = false, status = 'Promised'}
2023-04-27 04:21:23.384  [DEBUG]   #KVS KVS2, Prepare() request received with sequence id:  1682583683379 , for Key:  d80aa650-2fcd-4398-b992-43093bae1da9 , and Proposed value:  null
2023-04-27 04:21:23.384  [DEBUG]   Accepting proposed value:  null , for Key:  d80aa650-2fcd-4398-b992-43093bae1da9 , and setting the accepted sequence id number to:  1682583683379
2023-04-27 04:21:23.386  [DEBUG]   Learning and Committing the Value:  null  for Key:  d80aa650-2fcd-4398-b992-43093bae1da9
2023-04-27 04:21:23.386  [ERROR]   User:  Test  does not have access to Itinerary:  IT 1
2023-04-27 04:21:29.521  [DEBUG]   #KVS KVS2, Prepare() request received with sequence id:  1682583689520 , for Key:  d80aa650-2fcd-4398-b992-43093bae1da9
2023-04-27 04:21:29.522  [DEBUG]   #KVS KVS2, Responding back to the prepare() request with:  Promise{sequenceNumber = 1682583689520, acceptedSequenceNumber = null, acceptedValue = 'null', accepted = false, status = 'Promised'}
2023-04-27 04:21:29.524  [DEBUG]   #KVS KVS2, Prepare() request received with sequence id:  1682583689520 , for Key:  d80aa650-2fcd-4398-b992-43093bae1da9 , and Proposed value:  t@t.com
2023-04-27 04:21:29.524  [DEBUG]   Accepting proposed value:  t@t.com , for Key:  d80aa650-2fcd-4398-b992-43093bae1da9 , and setting the accepted sequence id number to:  1682583689520
2023-04-27 04:21:29.526  [DEBUG]   Learning and Committing the Value:  t@t.com  for Key:  d80aa650-2fcd-4398-b992-43093bae1da9
2023-04-27 04:21:29.526  [DEBUG]   User found with Email:  t@t.com  Sharing the Itinerary with:  Test
2023-04-27 04:21:29.527  [DEBUG]   You're not the Owner of this itinerary, so you can't share with other users
2023-04-27 04:21:35.177  [DEBUG]   #KVS KVS2, Prepare() request received with sequence id:  1682583695175 , for Key:  d80aa650-2fcd-4398-b992-43093bae1da9
2023-04-27 04:21:35.177  [DEBUG]   #KVS KVS2, Responding back to the prepare() request with:  Promise{sequenceNumber = 1682583695175, acceptedSequenceNumber = null, acceptedValue = 'null', accepted = false, status = 'Promised'}
2023-04-27 04:21:35.179  [DEBUG]   #KVS KVS2, Prepare() request received with sequence id:  1682583695175 , for Key:  d80aa650-2fcd-4398-b992-43093bae1da9 , and Proposed value:  null
2023-04-27 04:21:35.179  [DEBUG]   Accepting proposed value:  null , for Key:  d80aa650-2fcd-4398-b992-43093bae1da9 , and setting the accepted sequence id number to:  1682583695175
2023-04-27 04:21:35.181  [DEBUG]   Learning and Committing the Value:  null  for Key:  d80aa650-2fcd-4398-b992-43093bae1da9
2023-04-27 04:21:35.181  [DEBUG]   Key :  d80aa650-2fcd-4398-b992-43093bae1da9  not found in the store. Not deleting anything.
2023-04-27 04:21:47.449  [DEBUG]   #KVS KVS2, Prepare() request received with sequence id:  1682583707448 , for Key:  d80aa650-2fcd-4398-b992-43093bae1da9
2023-04-27 04:21:47.449  [DEBUG]   #KVS KVS2, Responding back to the prepare() request with:  Promise{sequenceNumber = 1682583707448, acceptedSequenceNumber = null, acceptedValue = 'null', accepted = false, status = 'Promised'}
2023-04-27 04:21:47.451  [DEBUG]   #KVS KVS2, Prepare() request received with sequence id:  1682583707448 , for Key:  d80aa650-2fcd-4398-b992-43093bae1da9 , and Proposed value:  null
2023-04-27 04:21:47.451  [DEBUG]   Accepting proposed value:  null , for Key:  d80aa650-2fcd-4398-b992-43093bae1da9 , and setting the accepted sequence id number to:  1682583707448
2023-04-27 04:21:47.453  [DEBUG]   Learning and Committing the Value:  null  for Key:  d80aa650-2fcd-4398-b992-43093bae1da9
2023-04-27 04:21:47.453  [DEBUG]   Key :  d80aa650-2fcd-4398-b992-43093bae1da9  not found in the store. Not deleting anything.
2023-04-27 04:22:21.930  [DEBUG]   #KVS KVS2, Prepare() request received with sequence id:  1682583741928 , for Key:  d80aa650-2fcd-4398-b992-43093bae1da9
2023-04-27 04:22:21.930  [DEBUG]   #KVS KVS2, Responding back to the prepare() request with:  Promise{sequenceNumber = 1682583741928, acceptedSequenceNumber = null, acceptedValue = 'null', accepted = false, status = 'Promised'}
2023-04-27 04:22:21.932  [DEBUG]   #KVS KVS2, Prepare() request received with sequence id:  1682583741928 , for Key:  d80aa650-2fcd-4398-b992-43093bae1da9 , and Proposed value:  null
2023-04-27 04:22:21.932  [DEBUG]   Accepting proposed value:  null , for Key:  d80aa650-2fcd-4398-b992-43093bae1da9 , and setting the accepted sequence id number to:  1682583741928
2023-04-27 04:22:21.934  [DEBUG]   Learning and Committing the Value:  null  for Key:  d80aa650-2fcd-4398-b992-43093bae1da9
2023-04-27 04:22:21.934  [DEBUG]   Key :  d80aa650-2fcd-4398-b992-43093bae1da9  not found in the store. Not deleting anything.
2023-04-27 04:26:27.921  [DEBUG]   #KVS KVS2, Prepare() request received with sequence id:  1682583987918 , for Key:  abb4374d-aedc-48f0-8667-392bc3860788
2023-04-27 04:26:27.921  [DEBUG]   #KVS KVS2, Responding back to the prepare() request with:  Promise{sequenceNumber = 1682583987918, acceptedSequenceNumber = null, acceptedValue = 'null', accepted = false, status = 'Promised'}
2023-04-27 04:26:27.929  [DEBUG]   #KVS KVS2, Prepare() request received with sequence id:  1682583987918 , for Key:  abb4374d-aedc-48f0-8667-392bc3860788 , and Proposed value:  Trip 1 by S
2023-04-27 04:26:27.930  [DEBUG]   Accepting proposed value:  Trip 1 by S , for Key:  abb4374d-aedc-48f0-8667-392bc3860788 , and setting the accepted sequence id number to:  1682583987918
2023-04-27 04:26:27.933  [DEBUG]   Learning and Committing the Value:  Trip 1 by S  for Key:  abb4374d-aedc-48f0-8667-392bc3860788
2023-04-27 04:26:27.934  [DEBUG]   Successfully Deserialized the Itinerary:  Trip 1 by S
2023-04-27 04:26:27.934  [DEBUG]   Itinerary ' Trip 1 by S ' Added in the List of Created Itineraries of User:  Shivam
2023-04-27 04:26:53.118  [DEBUG]   #KVS KVS2, Prepare() request received with sequence id:  1682584013115 , for Key:  abb4374d-aedc-48f0-8667-392bc3860788
2023-04-27 04:26:53.118  [DEBUG]   #KVS KVS2, Responding back to the prepare() request with:  Promise{sequenceNumber = 1682584013115, acceptedSequenceNumber = null, acceptedValue = 'null', accepted = false, status = 'Promised'}
2023-04-27 04:26:53.120  [DEBUG]   #KVS KVS2, Prepare() request received with sequence id:  1682584013115 , for Key:  abb4374d-aedc-48f0-8667-392bc3860788 , and Proposed value:  null
2023-04-27 04:26:53.121  [DEBUG]   Accepting proposed value:  null , for Key:  abb4374d-aedc-48f0-8667-392bc3860788 , and setting the accepted sequence id number to:  1682584013115
2023-04-27 04:28:08.694  [DEBUG]   #KVS KVS2, Prepare() request received with sequence id:  1682584088691 , for Key:  1362b205-80cb-4900-ae70-1716c267b658
2023-04-27 04:28:08.694  [DEBUG]   #KVS KVS2, Responding back to the prepare() request with:  Promise{sequenceNumber = 1682584088691, acceptedSequenceNumber = null, acceptedValue = 'null', accepted = false, status = 'Promised'}
2023-04-27 04:28:08.703  [DEBUG]   #KVS KVS2, Prepare() request received with sequence id:  1682584088691 , for Key:  1362b205-80cb-4900-ae70-1716c267b658 , and Proposed value:  T1 by S
2023-04-27 04:28:08.704  [DEBUG]   Accepting proposed value:  T1 by S , for Key:  1362b205-80cb-4900-ae70-1716c267b658 , and setting the accepted sequence id number to:  1682584088691
2023-04-27 04:28:08.707  [DEBUG]   Learning and Committing the Value:  T1 by S  for Key:  1362b205-80cb-4900-ae70-1716c267b658
2023-04-27 04:28:08.707  [DEBUG]   Successfully Deserialized the Itinerary:  T1 by S
2023-04-27 04:28:08.708  [DEBUG]   Itinerary ' T1 by S ' Added in the List of Created Itineraries of User:  Shivam
2023-04-27 04:28:32.210  [DEBUG]   #KVS KVS2, Prepare() request received with sequence id:  1682584112208 , for Key:  1362b205-80cb-4900-ae70-1716c267b658
2023-04-27 04:28:32.211  [DEBUG]   #KVS KVS2, Responding back to the prepare() request with:  Promise{sequenceNumber = 1682584112208, acceptedSequenceNumber = null, acceptedValue = 'null', accepted = false, status = 'Promised'}
2023-04-27 04:28:32.213  [DEBUG]   #KVS KVS2, Prepare() request received with sequence id:  1682584112208 , for Key:  1362b205-80cb-4900-ae70-1716c267b658 , and Proposed value:  null
2023-04-27 04:28:32.213  [DEBUG]   Accepting proposed value:  null , for Key:  1362b205-80cb-4900-ae70-1716c267b658 , and setting the accepted sequence id number to:  1682584112208
2023-04-27 04:28:32.216  [DEBUG]   Learning and Committing the Value:  null  for Key:  1362b205-80cb-4900-ae70-1716c267b658
2023-04-27 04:28:32.216  [ERROR]   You are not the owner or you don't have access to delete this itinerary!
2023-04-27 04:28:37.854  [DEBUG]   #KVS KVS2, Prepare() request received with sequence id:  1682584117852 , for Key:  1362b205-80cb-4900-ae70-1716c267b658
2023-04-27 04:28:37.854  [DEBUG]   #KVS KVS2, Responding back to the prepare() request with:  Promise{sequenceNumber = 1682584117852, acceptedSequenceNumber = null, acceptedValue = 'null', accepted = false, status = 'Promised'}
2023-04-27 04:28:37.856  [DEBUG]   #KVS KVS2, Prepare() request received with sequence id:  1682584117852 , for Key:  1362b205-80cb-4900-ae70-1716c267b658 , and Proposed value:  null
2023-04-27 04:28:37.857  [DEBUG]   Accepting proposed value:  null , for Key:  1362b205-80cb-4900-ae70-1716c267b658 , and setting the accepted sequence id number to:  1682584117852
2023-04-27 04:28:37.858  [DEBUG]   Learning and Committing the Value:  null  for Key:  1362b205-80cb-4900-ae70-1716c267b658
2023-04-27 04:28:37.858  [ERROR]   User:  Test  does not have access to Itinerary:  T1 by S
2023-04-27 04:28:45.670  [DEBUG]   #KVS KVS2, Prepare() request received with sequence id:  1682584125669 , for Key:  1362b205-80cb-4900-ae70-1716c267b658
2023-04-27 04:28:45.670  [DEBUG]   #KVS KVS2, Responding back to the prepare() request with:  Promise{sequenceNumber = 1682584125669, acceptedSequenceNumber = null, acceptedValue = 'null', accepted = false, status = 'Promised'}
2023-04-27 04:28:45.672  [DEBUG]   #KVS KVS2, Prepare() request received with sequence id:  1682584125669 , for Key:  1362b205-80cb-4900-ae70-1716c267b658 , and Proposed value:  t@t.com
2023-04-27 04:28:45.672  [DEBUG]   Accepting proposed value:  t@t.com , for Key:  1362b205-80cb-4900-ae70-1716c267b658 , and setting the accepted sequence id number to:  1682584125669
2023-04-27 04:28:45.674  [DEBUG]   Learning and Committing the Value:  t@t.com  for Key:  1362b205-80cb-4900-ae70-1716c267b658
2023-04-27 04:28:45.674  [DEBUG]   User found with Email:  t@t.com  Sharing the Itinerary with:  Test
2023-04-27 04:28:45.675  [DEBUG]   You're not the Owner of this itinerary, so you can't share with other users
2023-04-27 04:28:52.072  [DEBUG]   #KVS KVS2, Prepare() request received with sequence id:  1682584132070 , for Key:  1362b205-80cb-4900-ae70-1716c267b658
2023-04-27 04:28:52.072  [DEBUG]   #KVS KVS2, Responding back to the prepare() request with:  Promise{sequenceNumber = 1682584132070, acceptedSequenceNumber = null, acceptedValue = 'null', accepted = false, status = 'Promised'}
2023-04-27 04:28:52.074  [DEBUG]   #KVS KVS2, Prepare() request received with sequence id:  1682584132070 , for Key:  1362b205-80cb-4900-ae70-1716c267b658 , and Proposed value:  s@s.com
2023-04-27 04:28:52.074  [DEBUG]   Accepting proposed value:  s@s.com , for Key:  1362b205-80cb-4900-ae70-1716c267b658 , and setting the accepted sequence id number to:  1682584132070
2023-04-27 04:28:52.076  [DEBUG]   Learning and Committing the Value:  s@s.com  for Key:  1362b205-80cb-4900-ae70-1716c267b658
2023-04-27 04:28:52.076  [DEBUG]   Current User and Shared User are the same. Not proceeding.
2023-04-27 04:29:36.716  [DEBUG]   #KVS KVS2, Prepare() request received with sequence id:  1682584176714 , for Key:  1362b205-80cb-4900-ae70-1716c267b658
2023-04-27 04:29:36.716  [DEBUG]   #KVS KVS2, Responding back to the prepare() request with:  Promise{sequenceNumber = 1682584176714, acceptedSequenceNumber = null, acceptedValue = 'null', accepted = false, status = 'Promised'}
2023-04-27 04:29:36.717  [DEBUG]   #KVS KVS2, Prepare() request received with sequence id:  1682584176714 , for Key:  1362b205-80cb-4900-ae70-1716c267b658 , and Proposed value:  t@t.com
2023-04-27 04:29:36.718  [DEBUG]   Accepting proposed value:  t@t.com , for Key:  1362b205-80cb-4900-ae70-1716c267b658 , and setting the accepted sequence id number to:  1682584176714
2023-04-27 04:29:36.720  [DEBUG]   Learning and Committing the Value:  t@t.com  for Key:  1362b205-80cb-4900-ae70-1716c267b658
2023-04-27 04:29:36.720  [DEBUG]   User found with Email:  t@t.com  Sharing the Itinerary with:  Test
2023-04-27 04:29:36.720  [DEBUG]   Current User:  Shivam  Shared User:  Test
2023-04-27 04:29:36.720  [DEBUG]   Itinerary ' T1 by S ' successfully shared with User:  Test
2023-04-27 04:30:24.794  [DEBUG]   #KVS KVS2, Prepare() request received with sequence id:  1682584224792 , for Key:  1362b205-80cb-4900-ae70-1716c267b658
2023-04-27 04:30:24.794  [DEBUG]   #KVS KVS2, Responding back to the prepare() request with:  Promise{sequenceNumber = 1682584224792, acceptedSequenceNumber = null, acceptedValue = 'null', accepted = false, status = 'Promised'}
2023-04-27 04:30:24.796  [DEBUG]   #KVS KVS2, Prepare() request received with sequence id:  1682584224792 , for Key:  1362b205-80cb-4900-ae70-1716c267b658 , and Proposed value:  null
2023-04-27 04:30:24.796  [DEBUG]   Accepting proposed value:  null , for Key:  1362b205-80cb-4900-ae70-1716c267b658 , and setting the accepted sequence id number to:  1682584224792
2023-04-27 04:30:24.797  [DEBUG]   Learning and Committing the Value:  null  for Key:  1362b205-80cb-4900-ae70-1716c267b658
2023-04-27 04:30:24.798  [ERROR]   You are not the owner or you don't have access to delete this itinerary!
